
Source file: L7_1.X68
Assembled on: 18-11-01 at: 18:22:43
          by: X68K PC-2.2 Copyright (c) University of Teesside 1989,96
Defaults: ORG $0/FORMAT/OPT A,BRL,CEX,CL,FRL,MC,MD,NOMEX,NOPCO

    1  00008000                        ORG       $8000
    2  00008000 303900009000 START:    MOVE.W    NUM1,D0
    3  00008006 323900009002           MOVE.W    NUM2,D1
    4  0000800C 08010000               BTST      #0,D1                 ;//Check if D1 is odd
    5  00008010 66000018               BNE       ODDNUMBER
    6                        
    7  00008014 E348         LOOP:     LSL       #1,D0                 ;//Logical shifting to the left
    8  00008016 E249                   LSR       #1,D1                 ;//Logical shifting to the right
    9                         
   10  00008018 0C410001               CMPI.W    #1,D1
   11  0000801C 6F000010               BLE       DONE
   12                        
   13  00008020 08010000               BTST      #0,D1                 ;//Check if D1 is odd
   14  00008024 66000004               BNE       ODDNUMBER
   15  00008028 60EA                   BRA       LOOP
   16                        
   17  0000802A D440         ODDNUMBER: ADD.W     D0,D2
   18  0000802C 60E6                   BRA       LOOP
   19                        
   20  0000802E D440         DONE:     ADD.W     D0,D2
   21  00008030 4E4E                   TRAP      #14
   22                        
   23  00009000                        ORG       $9000
   24  00009000 001E         NUM1:     DC.W      $1E
   25  00009002 0019         NUM2:     DC.W      $19
   26                        
   27           00008000               END       START

Lines: 27, Errors: 0, Warnings: 0.
