
Source file: L8_1.X68
Assembled on: 18-11-08 at: 18:47:00
          by: X68K PC-2.2 Copyright (c) University of Teesside 1989,96
Defaults: ORG $0/FORMAT/OPT A,BRL,CEX,CL,FRL,MC,MD,NOMEX,NOPCO

    1  00008000                        ORG       $8000
    2  00008000 3F3900009000 START:    MOVE.W    X,-(SP)
    3                         
    4  00008006 4EB900008012           JSR       SOLVEQUAD
    5  0000800C 4FEF0004               LEA       4(SP),SP
    6  00008010 4E4E                   TRAP      #14
    7                         
    8  00008012 302F0004     SOLVEQUAD: MOVE.W    4(SP),D0
    9  00008016 322F0004               MOVE.W    4(SP),D1
   10                        
   11  0000801A C3C1                   MULS.W    D1,D1
   12  0000801C C3FC0005               MULS.W    #5,D1
   13                        
   14  00008020 C1FC0002               MULS.W    #2,D0
   15  00008024 9240                   SUB.W     D0,D1
   16                        
   17  00008026 06410006               ADDI.W    #6,D1
   18  0000802A 4E75                   RTS       
   19                         
   20  00009000                        ORG       $9000
   21  00009000 0005         X:        DC.W      5
   22                        
   23           00008000               END       START

Lines: 23, Errors: 0, Warnings: 0.
